<?xml version="1.0" encoding="UTF-8"?>
<testsuite xmlns:xsi="http://www.w3.org/2001/XMLSchema-instance" xsi:noNamespaceSchemaLocation="https://maven.apache.org/surefire/maven-surefire-plugin/xsd/surefire-test-report-3.0.xsd" version="3.0" name="com.servicedesk.springboot_backend.SpringbootBackendApplicationTests" time="10.884" tests="1" errors="0" skipped="0" failures="0">
  <properties>
[...]
</properties>
  <testcase name="contextLoads" classname="com.servicedesk.springboot_backend.SpringbootBackendApplicationTests" time="0.743">
    <system-out><![CDATA[10:26:10.541 [main] INFO org.springframework.test.context.support.AnnotationConfigContextLoaderUtils -- Could not detect default configuration classes for test class [com.servicedesk.springboot_backend.SpringbootBackendApplicationTests]: SpringbootBackendApplicationTests does not declare any static, non-private, non-final, nested classes annotated with @Configuration.
10:26:10.744 [main] INFO org.springframework.boot.test.context.SpringBootTestContextBootstrapper -- Found @SpringBootConfiguration com.servicedesk.springboot_backend.SpringbootBackendApplication for test class com.servicedesk.springboot_backend.SpringbootBackendApplicationTests
10:26:10,255 |-INFO in ch.qos.logback.classic.LoggerContext[default] - This is logback-classic version 1.5.8
10:26:10,259 |-INFO in ch.qos.logback.classic.util.ContextInitializer@36c54a56 - Here is a list of configurators discovered as a service, by rank: 
10:26:10,259 |-INFO in ch.qos.logback.classic.util.ContextInitializer@36c54a56 -   org.springframework.boot.logging.logback.RootLogLevelConfigurator
10:26:10,259 |-INFO in ch.qos.logback.classic.util.ContextInitializer@36c54a56 - They will be invoked in order until ExecutionStatus.DO_NOT_INVOKE_NEXT_IF_ANY is returned.
10:26:10,259 |-INFO in ch.qos.logback.classic.util.ContextInitializer@36c54a56 - Constructed configurator of type class org.springframework.boot.logging.logback.RootLogLevelConfigurator
10:26:10,288 |-INFO in ch.qos.logback.classic.util.ContextInitializer@36c54a56 - org.springframework.boot.logging.logback.RootLogLevelConfigurator.configure() call lasted 1 milliseconds. ExecutionStatus=INVOKE_NEXT_IF_ANY
10:26:10,289 |-INFO in ch.qos.logback.classic.util.ContextInitializer@36c54a56 - Trying to configure with ch.qos.logback.classic.joran.SerializedModelConfigurator
10:26:10,290 |-INFO in ch.qos.logback.classic.util.ContextInitializer@36c54a56 - Constructed configurator of type class ch.qos.logback.classic.joran.SerializedModelConfigurator
10:26:10,294 |-INFO in ch.qos.logback.classic.LoggerContext[default] - Could NOT find resource [logback-test.scmo]
10:26:10,295 |-INFO in ch.qos.logback.classic.LoggerContext[default] - Could NOT find resource [logback.scmo]
10:26:10,295 |-INFO in ch.qos.logback.classic.util.ContextInitializer@36c54a56 - ch.qos.logback.classic.joran.SerializedModelConfigurator.configure() call lasted 5 milliseconds. ExecutionStatus=INVOKE_NEXT_IF_ANY
10:26:10,295 |-INFO in ch.qos.logback.classic.util.ContextInitializer@36c54a56 - Trying to configure with ch.qos.logback.classic.util.DefaultJoranConfigurator
10:26:10,296 |-INFO in ch.qos.logback.classic.util.ContextInitializer@36c54a56 - Constructed configurator of type class ch.qos.logback.classic.util.DefaultJoranConfigurator
10:26:10,296 |-INFO in ch.qos.logback.classic.LoggerContext[default] - Could NOT find resource [logback-test.xml]
10:26:10,297 |-INFO in ch.qos.logback.classic.LoggerContext[default] - Could NOT find resource [logback.xml]
10:26:10,297 |-INFO in ch.qos.logback.classic.util.ContextInitializer@36c54a56 - ch.qos.logback.classic.util.DefaultJoranConfigurator.configure() call lasted 1 milliseconds. ExecutionStatus=INVOKE_NEXT_IF_ANY
10:26:10,297 |-INFO in ch.qos.logback.classic.util.ContextInitializer@36c54a56 - Trying to configure with ch.qos.logback.classic.BasicConfigurator
10:26:10,298 |-INFO in ch.qos.logback.classic.util.ContextInitializer@36c54a56 - Constructed configurator of type class ch.qos.logback.classic.BasicConfigurator
10:26:10,298 |-INFO in ch.qos.logback.classic.BasicConfigurator@3359c978 - Setting up default configuration.
10:26:10,358 |-INFO in ch.qos.logback.classic.util.ContextInitializer@36c54a56 - ch.qos.logback.classic.BasicConfigurator.configure() call lasted 60 milliseconds. ExecutionStatus=NEUTRAL
10:26:11,740 |-WARN in ch.qos.logback.core.model.processor.ImplicitModelHandler - Ignoring unknown property [Appenders] in [ch.qos.logback.classic.LoggerContext]
10:26:11,740 |-WARN in ch.qos.logback.core.model.processor.ImplicitModelHandler - Ignoring unknown property [Loggers] in [ch.qos.logback.classic.LoggerContext]
10:26:11,741 |-INFO in ch.qos.logback.core.model.processor.DefaultProcessor@7ba63fe5 - End of configuration.
10:26:11,742 |-INFO in org.springframework.boot.logging.logback.SpringBootJoranConfigurator@73386d72 - Registering current configuration as safe fallback point


  .   ____          _            __ _ _
 /\\ / ___'_ __ _ _(_)_ __  __ _ \ \ \ \
( ( )\___ | '_ | '_| | '_ \/ _` | \ \ \ \
 \\/  ___)| |_)| | | | | || (_| |  ) ) ) )
  '  |____| .__|_| |_|_| |_\__, | / / / /
 =========|_|==============|___/=/_/_/_/

 :: Spring Boot ::                (v3.3.4)

]]></system-out>
    <system-err><![CDATA[SLF4J(W): Class path contains multiple SLF4J providers.
SLF4J(W): Found provider [ch.qos.logback.classic.spi.LogbackServiceProvider@5fbe4146]
SLF4J(W): Found provider [org.apache.logging.slf4j.SLF4JServiceProvider@1e66f1f5]
SLF4J(W): See https://www.slf4j.org/codes.html#multiple_bindings for an explanation.
SLF4J(I): Actual provider is of type [ch.qos.logback.classic.spi.LogbackServiceProvider@5fbe4146]
WARNING: A Java agent has been loaded dynamically (C:\Users\aswathy-user\.m2\repository\net\bytebuddy\byte-buddy-agent\1.14.19\byte-buddy-agent-1.14.19.jar)
WARNING: If a serviceability tool is in use, please run with -XX:+EnableDynamicAgentLoading to hide this warning
WARNING: If a serviceability tool is not in use, please run with -Djdk.instrument.traceUsage for more information
WARNING: Dynamic loading of agents will be disallowed by default in a future release
]]></system-err>
  </testcase>
</testsuite>